
┐
│  LDR — Light Sensor                    │
─────────────────┘
nsor (dark) then expose to light.
Press any key to stop.

C raw: 2457  |  60.0 %  [NORMAL]
 ADC raw: 2487  |  60.7 %  [NORMAL]
 ADC raw: 2448  |  59.8 %  [NORMAL]
 ADC raw: 2406  |  58.8 %  [NORMAL]
 ADC raw: 2354  |  57.5 %  [DIM]
 ADC raw: 2316  |  56.6 %  [DIM]
 ADC raw: 2277  |  55.6 %  [DIM]
 ADC raw: 2253  |  55.0 %  [DIM]
 ADC raw: 2238  |  54.7 %  [DIM]
 ADC raw: 2260  |  55.2 %  [DIM]

  1=LDR  2=MQ135  3=HC-SR04  4=DHT22
C scan  9=ALL  0=Stability
Breathing
p


┐
│  MQ-135 — Air Quality                  │
─────────────────┘
ing baseline... keep air clean for 3 seconds.
 Baseline: 1734  |  WARNING at +100, CRITICAL at +200

 key to stop.
  ADC raw: 1733  (delta: -1)  |  [CLEAN]
 ADC raw: 1734  (delta: +0)  |  [CLEAN]
 ADC raw: 1731  (delta: -3)  |  [CLEAN]
 ADC raw: 1727  (delta: -7)  |  [CLEAN]
 ADC raw: 1726  (delta: -8)  |  [CLEAN]
 ADC raw: 1727  (delta: -7)  |  [CLEAN]
 ADC raw: 1730  (delta: -4)  |  [CLEAN]
 ADC raw: 1723  (delta: -11)  |  [CLEAN]
 ADC raw: 1726  (delta: -8)  |  [CLEAN]
 ADC raw: 1726  (delta: -8)  |  [CLEAN]
 ADC raw: 1724  (delta: -10)  |  [CLEAN]
 ADC raw: 1727  (delta: -7)  |  [CLEAN]

  1=LDR  2=MQ135  3=HC-SR04  4=DHT22
C scan  9=ALL  0=Stability
Breathing
p


┐
│  HC-SR04 — Distance / Presence         │
─────────────────┘
d in front. Max reliable range ~300 cm.


  Distance:    5.7 cm  [PRESENCE]
 Distance:    5.7 cm  [PRESENCE]
 Distance:    5.7 cm  [PRESENCE]
 Distance:    5.7 cm  [PRESENCE]
 Distance:    5.7 cm  [PRESENCE]
 Distance:    5.7 cm  [PRESENCE]
 Distance:    5.7 cm  [PRESENCE]
 Distance:    5.7 cm  [PRESENCE]
 Distance:    5.7 cm  [PRESENCE]
 Distance:    5.7 cm  [PRESENCE]
 Distance:    5.7 cm  [PRESENCE]
 Distance:    5.7 cm  [PRESENCE]
 Distance:    5.7 cm  [PRESENCE]
 Distance:    5.7 cm  [PRESENCE]
 Distance:    5.7 cm  [PRESENCE]
 Distance:    5.7 cm  [PRESENCE]
 Distance:    5.7 cm  [PRESENCE]
 Distance:    5.7 cm  [PRESENCE]
 Distance:    5.7 cm  [PRESENCE]
 Distance:    5.7 cm  [PRESENCE]
 Distance:    5.7 cm  [PRESENCE]

  1=LDR  2=MQ135  3=HC-SR04  4=DHT22
C scan  9=ALL  0=Stability
Breathing
p

