ESP-ROM:esp32c6-20220919
Build:Sep 19 2022
rst:0x1 (POWERON),boot:0xc (SPI_FAST_FLASH_BOOT)
SPIWP:0xee
mode:DIO, clock div:2
load:0x40875730,len:0x1278
load:0x4086b910,len:0xdd0
load:0x4086e610,len:0x3154
entry 0x4086b910

═══════════════════╗
  MediTwin AI — Sensor Test & Calibrate ║
═════════════╝
alised
[SENSOR] HC-SR04 ready



  1=LDR  2=MQ135  3=HC-SR04  4=DHT22
2C scan  9=ALL  0=Stability
=Breathing
lp

Unknown command ''. Send '?' for help.

3=HC-SR04  4=DHT22
tability
  L=LED  F=Fan  S=Servo  B=Buzzer  R=Breathing
on alarm  A=FSM Alarm (monitor automat)  ?=Help

