  ADC raw:    2  |  0.0 %  [DARK]
  ADC raw:    1  |  0.0 %  [DARK]
  ADC raw:    2  |  0.0 %  [DARK]
  ADC raw:    2  |  0.0 %  [DARK]
  ADC raw:    5  |  0.1 %  [DARK]
  ADC raw:    1  |  0.0 %  [DARK]
  ADC raw:    1  |  0.0 %  [DARK]
  ADC raw:    5  |  0.1 %  [DARK]
  ADC raw:    2  |  0.0 %  [DARK]
  ADC raw:    4  |  0.1 %  [DARK]
  ADC raw:    4  |  0.1 %  [DARK]
  ADC raw:    3  |  0.1 %  [DARK]
  ADC raw:    3  |  0.1 %  [DARK]
  ADC raw:    4  |  0.1 %  [DARK]
  ADC raw:    4  |  0.1 %  [DARK]
  ADC raw:    2  |  0.0 %  [DARK]
  ADC raw:    4  |  0.1 %  [DARK]
  ADC raw:    3  |  0.1 %  [DARK]
  ADC raw:    3  |  0.1 %  [DARK]
  ADC raw:   26  |  0.6 %  [DARK]
  ADC raw:   31  |  0.8 %  [DARK]
  ADC raw:   30  |  0.7 %  [DARK]
  ADC raw:   51  |  1.2 %  [DARK]
  ADC raw:   11  |  0.3 %  [DARK]
  ADC raw:    4  |  0.1 %  [DARK]
  ADC raw:    3  |  0.1 %  [DARK]
  ADC raw:    1  |  0.0 %  [DARK]
  ADC raw:   13  |  0.3 %  [DARK]
  ADC raw:   25  |  0.6 %  [DARK]
  ADC raw:   33  |  0.8 %  [DARK]
  ADC raw:    1  |  0.0 %  [DARK]
  ADC raw:    0  |  0.0 %  [DARK]
  ADC raw:   13  |  0.3 %  [DARK]
  ADC raw:    0  |  0.0 %  [DARK]
  ADC raw:    3  |  0.1 %  [DARK]
  ADC raw:    2  |  0.0 %  [DARK]
  ADC raw:    3  |  0.1 %  [DARK]
  ADC raw:    3  |  0.1 %  [DARK]

  1=LDR  2=MQ135  3=HC-SR04  4=DHT22  5=BMP280
  6=MPU6050  7=ACS712  8=I2C scan  9=ALL  0=Stability
  L=LED  F=Fan  S=Servo  B=Buzzer  ?=Help

