  Distance:   12.7 cm  [PRESENCE]
  Distance:   12.7 cm  [PRESENCE]
  Distance:   12.7 cm  [PRESENCE]
  Distance:   12.7 cm  [PRESENCE]
  Distance:   12.7 cm  [PRESENCE]
  Distance:   12.7 cm  [PRESENCE]
  Distance:   12.7 cm  [PRESENCE]

  1=LDR  2=MQ135  3=HC-SR04  4=DHT22  5=BMP280
  6=MPU6050  7=ACS712  8=I2C scan  9=ALL  0=Stability
  L=LED  F=Fan  S=Servo  B=Buzzer  R=Breathing  ?=Help


┌─────────────────────────────────────────┐
│  HC-SR04 — Breathing Rate (balloon sim)│
└─────────────────────────────────────────┘
Keep balloon still for 3 seconds (baseline calibration)...
  Baseline: 10.4 cm | threshold: 0.5 cm
  Measuring 30 s (press any key to stop early)...

  Breath #1  |  5.6 s elapsed  |  BPM: 10.7
  Breath #2  |  6.0 s elapsed  |  BPM: 19.9
  Breath #3  |  7.7 s elapsed  |  BPM: 23.5
  Breath #4  |  7.9 s elapsed  |  BPM: 30.5
  Breath #5  |  16.9 s elapsed  |  BPM: 17.7
  Breath #6  |  20.2 s elapsed  |  BPM: 17.8
  Breath #7  |  23.5 s elapsed  |  BPM: 17.9
  Breath #8  |  24.0 s elapsed  |  BPM: 20.0
  Breath #9  |  25.0 s elapsed  |  BPM: 21.6
  Breath #10  |  25.2 s elapsed  |  BPM: 23.8
  Breath #11  |  28.5 s elapsed  |  BPM: 23.2

  === RESULT: 11 breaths in 30.0 s = 22.0 BPM ===
  Status: [LENT]

  1=LDR  2=MQ135  3=HC-SR04  4=DHT22  5=BMP280
  6=MPU6050  7=ACS712  8=I2C scan  9=ALL  0=Stability
  L=LED  F=Fan  S=Servo  B=Buzzer  R=Breathing  ?=Help


┌─────────────────────────────────────────┐
│  HC-SR04 — Distance / Presence         │
└─────────────────────────────────────────┘
Move hand in front. Max reliable range ~300 cm.
Press any key to stop.

  Distance:    3.0 cm  [PRESENCE]
  Distance:    2.7 cm  [PRESENCE]
  Distance:    3.0 cm  [PRESENCE]
  Distance:    3.0 cm  [PRESENCE]
  Distance:    3.0 cm  [PRESENCE]
  Distance:    3.0 cm  [PRESENCE]
  Distance:    3.0 cm  [PRESENCE]
  Distance:    3.0 cm  [PRESENCE]
  Distance:    3.0 cm  [PRESENCE]
  Distance:    3.0 cm  [PRESENCE]
  Distance:    3.0 cm  [PRESENCE]
  Distance:    3.0 cm  [PRESENCE]
  Distance:    3.0 cm  [PRESENCE]
  Distance:    3.0 cm  [PRESENCE]
  Distance:    3.0 cm  [PRESENCE]
  Distance:    3.0 cm  [PRESENCE]
  Distance:    3.0 cm  [PRESENCE]
  Distance:    3.0 cm  [PRESENCE]
  Distance:    3.0 cm  [PRESENCE]
  Distance:    3.9 cm  [PRESENCE]
  Distance:    3.9 cm  [PRESENCE]
  Distance:    3.9 cm  [PRESENCE]
  Distance:    3.9 cm  [PRESENCE]
  Distance:    3.0 cm  [PRESENCE]
  Distance:    3.9 cm  [PRESENCE]
  Distance:    3.9 cm  [PRESENCE]
  Distance:    3.9 cm  [PRESENCE]
  Distance:    3.9 cm  [PRESENCE]
  Distance:    3.9 cm  [PRESENCE]
  Distance:    3.9 cm  [PRESENCE]
  Distance:    3.9 cm  [PRESENCE]
  Distance:    3.9 cm  [PRESENCE]
  Distance:    3.9 cm  [PRESENCE]
  Distance:    3.9 cm  [PRESENCE]
  Distance:    3.9 cm  [PRESENCE]
  Distance:    3.9 cm  [PRESENCE]
  Distance:    3.9 cm  [PRESENCE]
  Distance:    3.9 cm  [PRESENCE]
  Distance:    3.9 cm  [PRESENCE]
  Distance:    3.9 cm  [PRESENCE]
  Distance:    3.9 cm  [PRESENCE]
  Distance:    3.9 cm  [PRESENCE]
  Distance:    3.9 cm  [PRESENCE]
  Distance:    3.9 cm  [PRESENCE]
  Distance:    3.9 cm  [PRESENCE]
  Distance:    3.9 cm  [PRESENCE]
  Distance:    3.9 cm  [PRESENCE]
  Distance:    3.9 cm  [PRESENCE]
  Distance:    3.9 cm  [PRESENCE]
  Distance:    3.9 cm  [PRESENCE]
  Distance:    3.9 cm  [PRESENCE]
  Distance:    3.9 cm  [PRESENCE]
  Distance:    3.9 cm  [PRESENCE]
  Distance:    3.9 cm  [PRESENCE]
  Distance:    3.9 cm  [PRESENCE]
  Distance:    3.9 cm  [PRESENCE]
  Distance:    3.9 cm  [PRESENCE]
  Distance:    3.9 cm  [PRESENCE]
  Distance:    3.9 cm  [PRESENCE]
  Distance:    3.9 cm  [PRESENCE]
  Distance:    3.9 cm  [PRESENCE]
  Distance:    3.9 cm  [PRESENCE]
  Distance:    3.9 cm  [PRESENCE]
  Distance:    3.9 cm  [PRESENCE]
  Distance:    3.9 cm  [PRESENCE]
  Distance:    3.9 cm  [PRESENCE]
  Distance:    3.9 cm  [PRESENCE]
  Distance:    3.9 cm  [PRESENCE]
  Distance:    3.9 cm  [PRESENCE]
  Distance:    3.9 cm  [PRESENCE]
  Distance:    3.9 cm  [PRESENCE]
  Distance:    3.9 cm  [PRESENCE]
  Distance:    3.9 cm  [PRESENCE]
  Distance:    3.9 cm  [PRESENCE]
  Distance:    3.9 cm  [PRESENCE]
  Distance:    3.9 cm  [PRESENCE]
  Distance:    3.9 cm  [PRESENCE]
  Distance:    3.9 cm  [PRESENCE]
  Distance:    3.9 cm  [PRESENCE]
  Distance:    3.9 cm  [PRESENCE]
  Distance:    3.9 cm  [PRESENCE]
  Distance:    3.9 cm  [PRESENCE]
  Distance:    3.9 cm  [PRESENCE]
  Distance:    3.9 cm  [PRESENCE]
  Distance:    3.9 cm  [PRESENCE]
  Distance:    3.9 cm  [PRESENCE]
  Distance:    3.9 cm  [PRESENCE]
  Distance:    3.9 cm  [PRESENCE]
  Distance:    3.9 cm  [PRESENCE]
  Distance:    3.9 cm  [PRESENCE]
  Distance:    3.9 cm  [PRESENCE]
  Distance:    3.9 cm  [PRESENCE]
  Distance:    5.1 cm  [PRESENCE]
  Distance:    7.4 cm  [PRESENCE]
  Distance:   14.6 cm  [PRESENCE]
  Distance:   10.1 cm  [PRESENCE]
  Distance:   10.1 cm  [PRESENCE]
  Distance:   12.7 cm  [PRESENCE]
  Distance:   14.6 cm  [PRESENCE]
  Distance:   13.3 cm  [PRESENCE]
  Distance:   13.3 cm  [PRESENCE]
  Distance:   13.3 cm  [PRESENCE]
  Distance:   13.3 cm  [PRESENCE]
  Distance:   13.3 cm  [PRESENCE]
  Distance:   13.3 cm  [PRESENCE]
  Distance:   11.6 cm  [PRESENCE]
  Distance:   11.6 cm  [PRESENCE]
  Distance:   13.3 cm  [PRESENCE]
  Distance:   11.6 cm  [PRESENCE]
  Distance:   11.6 cm  [PRESENCE]
  Distance:   11.6 cm  [PRESENCE]
  Distance:   11.6 cm  [PRESENCE]
  Distance:   11.6 cm  [PRESENCE]
  Distance:   11.6 cm  [PRESENCE]
  Distance:   11.6 cm  [PRESENCE]
  Distance:   11.6 cm  [PRESENCE]
  Distance:   11.6 cm  [PRESENCE]
  Distance:   11.6 cm  [PRESENCE]
  Distance:   11.6 cm  [PRESENCE]
  Distance:   11.6 cm  [PRESENCE]
  Distance:   11.6 cm  [PRESENCE]
  Distance:   11.6 cm  [PRESENCE]
  Distance:   11.6 cm  [PRESENCE]
  Distance:   11.6 cm  [PRESENCE]
  Distance:   11.6 cm  [PRESENCE]
  Distance:   11.6 cm  [PRESENCE]
  Distance:   11.6 cm  [PRESENCE]
  Distance:   11.6 cm  [PRESENCE]
  Distance:   11.6 cm  [PRESENCE]
  Distance:   11.6 cm  [PRESENCE]
  Distance:   11.6 cm  [PRESENCE]
  Distance:   11.6 cm  [PRESENCE]
  Distance:   11.6 cm  [PRESENCE]
  Distance:   11.6 cm  [PRESENCE]
  Distance:   11.6 cm  [PRESENCE]
  Distance:   11.6 cm  [PRESENCE]
  Distance:   11.6 cm  [PRESENCE]
  Distance:   11.6 cm  [PRESENCE]
  Distance:   11.6 cm  [PRESENCE]
  Distance:   11.6 cm  [PRESENCE]
  Distance:   11.6 cm  [PRESENCE]
  Distance:   11.6 cm  [PRESENCE]
  Distance:   11.6 cm  [PRESENCE]
  Distance:   11.6 cm  [PRESENCE]
  Distance:   11.6 cm  [PRESENCE]
  Distance:   11.6 cm  [PRESENCE]
  Distance:   11.6 cm  [PRESENCE]
  Distance:   11.6 cm  [PRESENCE]
  Distance:   11.6 cm  [PRESENCE]
  Distance:   11.6 cm  [PRESENCE]
  Distance:   11.6 cm  [PRESENCE]
  Distance:   11.6 cm  [PRESENCE]
  Distance:   11.6 cm  [PRESENCE]
  Distance:   11.6 cm  [PRESENCE]
  Distance:   11.6 cm  [PRESENCE]
  Distance:   11.6 cm  [PRESENCE]
  Distance:   11.6 cm  [PRESENCE]
  Distance:   11.6 cm  [PRESENCE]
  Distance:   11.6 cm  [PRESENCE]
  Distance:   11.6 cm  [PRESENCE]
  Distance:   11.6 cm  [PRESENCE]
  Distance:   11.6 cm  [PRESENCE]
  Distance:   11.6 cm  [PRESENCE]
  Distance:   11.6 cm  [PRESENCE]
  Distance:   11.6 cm  [PRESENCE]
  Distance:   11.6 cm  [PRESENCE]
  Distance:   11.6 cm  [PRESENCE]
  Distance:   11.6 cm  [PRESENCE]
  Distance:   11.6 cm  [PRESENCE]
  Distance:   11.6 cm  [PRESENCE]
  Distance:   11.6 cm  [PRESENCE]
  Distance:   11.6 cm  [PRESENCE]
  Distance:   11.6 cm  [PRESENCE]
  Distance:   11.6 cm  [PRESENCE]
  Distance:   11.6 cm  [PRESENCE]
  Distance:   11.6 cm  [PRESENCE]
  Distance:   11.6 cm  [PRESENCE]
  Distance:   11.6 cm  [PRESENCE]
  Distance:   11.6 cm  [PRESENCE]
  Distance:   11.6 cm  [PRESENCE]
  Distance:   11.6 cm  [PRESENCE]
  Distance:   11.6 cm  [PRESENCE]
  Distance:   11.6 cm  [PRESENCE]
  Distance:   11.6 cm  [PRESENCE]
  Distance:   11.6 cm  [PRESENCE]
  Distance:   11.6 cm  [PRESENCE]
  Distance:   11.6 cm  [PRESENCE]
  Distance:   12.5 cm  [PRESENCE]
  Distance:   11.6 cm  [PRESENCE]
  Distance:   12.5 cm  [PRESENCE]
  Distance:   11.6 cm  [PRESENCE]
  Distance:   11.6 cm  [PRESENCE]
  Distance:   11.6 cm  [PRESENCE]
  Distance:   11.6 cm  [PRESENCE]
  Distance:   11.6 cm  [PRESENCE]
  Distance:   12.5 cm  [PRESENCE]
  Distance:   11.6 cm  [PRESENCE]
  Distance:   11.6 cm  [PRESENCE]
  Distance:   12.5 cm  [PRESENCE]
  Distance:   11.6 cm  [PRESENCE]
  Distance:   11.6 cm  [PRESENCE]
  Distance:   12.5 cm  [PRESENCE]
  Distance:   12.5 cm  [PRESENCE]
  Distance:   12.5 cm  [PRESENCE]
  Distance:   14.6 cm  [PRESENCE]
  Distance:   12.5 cm  [PRESENCE]
  Distance:   11.3 cm  [PRESENCE]
  Distance:   12.5 cm  [PRESENCE]
  Distance:   11.6 cm  [PRESENCE]
  Distance:   11.6 cm  [PRESENCE]
  Distance:    6.2 cm  [PRESENCE]
  Distance:    5.7 cm  [PRESENCE]
  Distance:    2.7 cm  [PRESENCE]
  Distance:    4.5 cm  [PRESENCE]
  Distance:    4.5 cm  [PRESENCE]
  Distance:    4.5 cm  [PRESENCE]
  Distance:   12.5 cm  [PRESENCE]
  Distance:   12.5 cm  [PRESENCE]
  Distance:   13.3 cm  [PRESENCE]
  Distance:   14.6 cm  [PRESENCE]
  Distance:   14.6 cm  [PRESENCE]
  Distance:   12.5 cm  [PRESENCE]
  Distance:   12.5 cm  [PRESENCE]
  Distance:   10.4 cm  [PRESENCE]
  Distance:   11.6 cm  [PRESENCE]
  Distance:    4.2 cm  [PRESENCE]
  Distance:    4.2 cm  [PRESENCE]
  Distance:    2.7 cm  [PRESENCE]
  Distance:    2.1 cm  [PRESENCE]
  Distance:    2.7 cm  [PRESENCE]
  Distance:    2.7 cm  [PRESENCE]
  Distance:    4.8 cm  [PRESENCE]
  Distance:    3.9 cm  [PRESENCE]
  Distance:    3.9 cm  [PRESENCE]
  Distance:    6.0 cm  [PRESENCE]
  Distance:    3.9 cm  [PRESENCE]
  Distance:    3.0 cm  [PRESENCE]
  Distance:    4.8 cm  [PRESENCE]
  Distance:    4.8 cm  [PRESENCE]
  Distance:    3.6 cm  [PRESENCE]
  Distance:    5.4 cm  [PRESENCE]
  Distance:    2.7 cm  [PRESENCE]
  Distance:    3.0 cm  [PRESENCE]
  Distance:    5.4 cm  [PRESENCE]
  Distance:    3.9 cm  [PRESENCE]
  Distance:    4.8 cm  [PRESENCE]
  Distance:    3.9 cm  [PRESENCE]
  Distance:    3.0 cm  [PRESENCE]
  Distance:    3.0 cm  [PRESENCE]
  Distance:    3.9 cm  [PRESENCE]
  Distance:    3.9 cm  [PRESENCE]
  Distance:    4.8 cm  [PRESENCE]
  Distance:    2.7 cm  [PRESENCE]
  Distance:    2.7 cm  [PRESENCE]
  Distance:    3.6 cm  [PRESENCE]
  Distance:    2.7 cm  [PRESENCE]
  Distance:    2.7 cm  [PRESENCE]
  Distance:    2.7 cm  [PRESENCE]
  Distance:    2.7 cm  [PRESENCE]
  Distance:    3.6 cm  [PRESENCE]
  Distance:    2.7 cm  [PRESENCE]
  Distance:    3.0 cm  [PRESENCE]
  Distance:    3.6 cm  [PRESENCE]
  Distance:    5.4 cm  [PRESENCE]
  Distance:    4.2 cm  [PRESENCE]
  Distance:    3.0 cm  [PRESENCE]
  Distance:    6.6 cm  [PRESENCE]
  Distance:    5.4 cm  [PRESENCE]
  Distance:    6.8 cm  [PRESENCE]
  Distance:    4.5 cm  [PRESENCE]
  Distance:    4.2 cm  [PRESENCE]
  Distance:    6.0 cm  [PRESENCE]
  Distance:    4.8 cm  [PRESENCE]
  Distance:    4.5 cm  [PRESENCE]
  Distance:    5.1 cm  [PRESENCE]
  Distance:    6.6 cm  [PRESENCE]
  Distance:    8.6 cm  [PRESENCE]
  Distance:    7.4 cm  [PRESENCE]
  Distance:    8.3 cm  [PRESENCE]
  Distance:   14.6 cm  [PRESENCE]
  Distance:   13.3 cm  [PRESENCE]
  Distance:   13.3 cm  [PRESENCE]
  Distance:   12.5 cm  [PRESENCE]
  Distance:   12.5 cm  [PRESENCE]
  Distance:   12.5 cm  [PRESENCE]
  Distance:   12.5 cm  [PRESENCE]
  Distance:   12.5 cm  [PRESENCE]
  Distance:   12.5 cm  [PRESENCE]
  Distance:   12.5 cm  [PRESENCE]
  Distance:   12.5 cm  [PRESENCE]
  Distance:   12.5 cm  [PRESENCE]
  Distance:   12.5 cm  [PRESENCE]
  Distance:   12.5 cm  [PRESENCE]
  Distance:   12.5 cm  [PRESENCE]
  Distance:   12.5 cm  [PRESENCE]
  Distance:   12.5 cm  [PRESENCE]
  Distance:   12.5 cm  [PRESENCE]
  Distance:   13.3 cm  [PRESENCE]
  Distance:   13.3 cm  [PRESENCE]
  Distance:   13.3 cm  [PRESENCE]
  Distance:   13.3 cm  [PRESENCE]
  Distance:   13.3 cm  [PRESENCE]
  Distance:   13.3 cm  [PRESENCE]
  Distance:   13.3 cm  [PRESENCE]
  Distance:   13.3 cm  [PRESENCE]
  Distance:   13.3 cm  [PRESENCE]
  Distance:   13.3 cm  [PRESENCE]
  Distance:   13.3 cm  [PRESENCE]
  Distance:   13.3 cm  [PRESENCE]
  Distance:   13.3 cm  [PRESENCE]
  Distance:   14.6 cm  [PRESENCE]
  Distance:   14.6 cm  [PRESENCE]
  Distance:   14.6 cm  [PRESENCE]
  Distance:    9.5 cm  [PRESENCE]
  Distance:   12.5 cm  [PRESENCE]
  Distance:   10.7 cm  [PRESENCE]
  Distance:    5.1 cm  [PRESENCE]
  Distance:    4.2 cm  [PRESENCE]
  Distance:    3.3 cm  [PRESENCE]
  Distance:    2.7 cm  [PRESENCE]
  Distance:    2.4 cm  [PRESENCE]
  Distance:    5.1 cm  [PRESENCE]
  Distance:    6.0 cm  [PRESENCE]
  Distance:    3.3 cm  [PRESENCE]
  Distance:    3.3 cm  [PRESENCE]
  Distance:    4.2 cm  [PRESENCE]
  Distance:    6.0 cm  [PRESENCE]
  Distance:    4.2 cm  [PRESENCE]
  Distance:    3.9 cm  [PRESENCE]
  Distance:    4.8 cm  [PRESENCE]
  Distance:    3.9 cm  [PRESENCE]
  Distance:    3.9 cm  [PRESENCE]
  Distance:    3.9 cm  [PRESENCE]
  Distance:    3.9 cm  [PRESENCE]
  Distance:    3.9 cm  [PRESENCE]
  Distance:    3.9 cm  [PRESENCE]
  Distance:    3.9 cm  [PRESENCE]
  Distance:    3.9 cm  [PRESENCE]
  Distance:    3.9 cm  [PRESENCE]
  Distance:    3.9 cm  [PRESENCE]
  Distance:    3.9 cm  [PRESENCE]
  Distance:    3.9 cm  [PRESENCE]
  Distance:    3.9 cm  [PRESENCE]
  Distance:    3.9 cm  [PRESENCE]
  Distance:    3.9 cm  [PRESENCE]
  Distance:    3.9 cm  [PRESENCE]
  Distance:    3.9 cm  [PRESENCE]
  Distance:    3.9 cm  [PRESENCE]
  Distance:    3.9 cm  [PRESENCE]
  Distance:    3.9 cm  [PRESENCE]
  Distance:    3.9 cm  [PRESENCE]
  Distance:    3.9 cm  [PRESENCE]
  Distance:    3.9 cm  [PRESENCE]
  Distance:    3.9 cm  [PRESENCE]
  Distance:    3.9 cm  [PRESENCE]
  Distance:    3.9 cm  [PRESENCE]
  Distance:    3.9 cm  [PRESENCE]
  Distance:    3.9 cm  [PRESENCE]
  Distance:    4.5 cm  [PRESENCE]
  Distance:   13.3 cm  [PRESENCE]
  Distance:   14.6 cm  [PRESENCE]
  Distance:   12.5 cm  [PRESENCE]
  Distance:   12.5 cm  [PRESENCE]
  Distance:   12.5 cm  [PRESENCE]
  Distance:   12.5 cm  [PRESENCE]
  Distance:   13.3 cm  [PRESENCE]
  Distance:   13.3 cm  [PRESENCE]
  Distance:   13.3 cm  [PRESENCE]
  Distance:   13.3 cm  [PRESENCE]
  Distance:   13.3 cm  [PRESENCE]
  Distance:   13.3 cm  [PRESENCE]
  Distance:   13.3 cm  [PRESENCE]
  Distance:   13.3 cm  [PRESENCE]
  Distance:   14.6 cm  [PRESENCE]
  Distance:   14.6 cm  [PRESENCE]
  Distance:   14.6 cm  [PRESENCE]
  Distance:   14.6 cm  [PRESENCE]
  Distance:   14.6 cm  [PRESENCE]
  Distance:   14.6 cm  [PRESENCE]
  Distance:   14.6 cm  [PRESENCE]
  Distance:   14.6 cm  [PRESENCE]
  Distance:   14.6 cm  [PRESENCE]
  Distance:   14.6 cm  [PRESENCE]
  Distance:   14.6 cm  [PRESENCE]
  Distance:   14.6 cm  [PRESENCE]
  Distance:   14.6 cm  [PRESENCE]
  Distance:   14.6 cm  [PRESENCE]
  Distance:   14.6 cm  [PRESENCE]
  Distance:   14.6 cm  [PRESENCE]
  Distance:   14.6 cm  [PRESENCE]
  Distance:   14.6 cm  [PRESENCE]
  Distance:   14.6 cm  [PRESENCE]
  Distance:   14.6 cm  [PRESENCE]
  Distance:   14.6 cm  [PRESENCE]
  Distance:   14.6 cm  [PRESENCE]
  Distance:   14.6 cm  [PRESENCE]
  Distance:   14.6 cm  [PRESENCE]
  Distance:   14.6 cm  [PRESENCE]
  Distance:   14.6 cm  [PRESENCE]
  Distance:   14.6 cm  [PRESENCE]
  Distance:   14.6 cm  [PRESENCE]
  Distance:   14.6 cm  [PRESENCE]
  Distance:   14.6 cm  [PRESENCE]
  Distance:   14.6 cm  [PRESENCE]
  Distance:   14.6 cm  [PRESENCE]
  Distance:   14.6 cm  [PRESENCE]
  Distance:   14.6 cm  [PRESENCE]
  Distance:   14.6 cm  [PRESENCE]
  Distance:   14.6 cm  [PRESENCE]
  Distance:   14.6 cm  [PRESENCE]
  Distance:   14.6 cm  [PRESENCE]
  Distance:   14.6 cm  [PRESENCE]
  Distance:   14.6 cm  [PRESENCE]
  Distance:   14.6 cm  [PRESENCE]
  Distance:   14.6 cm  [PRESENCE]
  Distance:   14.6 cm  [PRESENCE]
  Distance:   14.6 cm  [PRESENCE]
  Distance:   14.6 cm  [PRESENCE]
  Distance:   14.6 cm  [PRESENCE]
  Distance:   14.6 cm  [PRESENCE]
  Distance:   14.6 cm  [PRESENCE]
  Distance:   14.6 cm  [PRESENCE]
  Distance:   14.6 cm  [PRESENCE]
  Distance:   14.6 cm  [PRESENCE]
  Distance:   14.6 cm  [PRESENCE]
  Distance:   14.6 cm  [PRESENCE]
  Distance:   14.6 cm  [PRESENCE]
  Distance:   14.6 cm  [PRESENCE]
  Distance:   14.6 cm  [PRESENCE]
  Distance:   14.6 cm  [PRESENCE]
  Distance:   14.6 cm  [PRESENCE]
  Distance:   14.6 cm  [PRESENCE]
  Distance:   14.6 cm  [PRESENCE]
  Distance:   14.6 cm  [PRESENCE]
  Distance:   14.6 cm  [PRESENCE]
  Distance:   13.6 cm  [PRESENCE]
  Distance:   14.6 cm  [PRESENCE]
  Distance:   14.6 cm  [PRESENCE]
  Distance:   13.6 cm  [PRESENCE]
  Distance:   13.6 cm  [PRESENCE]
  Distance:   13.7 cm  [PRESENCE]
  Distance:   14.6 cm  [PRESENCE]
  Distance:   14.6 cm  [PRESENCE]
  Distance:   14.6 cm  [PRESENCE]
  Distance:   14.6 cm  [PRESENCE]
  Distance:   14.6 cm  [PRESENCE]
  Distance:   14.6 cm  [PRESENCE]
  Distance:   14.6 cm  [PRESENCE]
  Distance:   14.6 cm  [PRESENCE]
  Distance:   14.6 cm  [PRESENCE]
  Distance:   14.6 cm  [PRESENCE]
  Distance:   14.6 cm  [PRESENCE]
  Distance:   13.6 cm  [PRESENCE]
  Distance:   14.6 cm  [PRESENCE]
  Distance:   14.6 cm  [PRESENCE]
  Distance:   14.6 cm  [PRESENCE]
  Distance:   14.6 cm  [PRESENCE]
  Distance:   14.6 cm  [PRESENCE]
  Distance:   13.6 cm  [PRESENCE]
  Distance:   13.6 cm  [PRESENCE]
  Distance:   14.9 cm  [PRESENCE]
  Distance:   14.9 cm  [PRESENCE]
  Distance:   15.2 cm  [PRESENCE]
  Distance:   15.8 cm  [PRESENCE]
  Distance:   12.7 cm  [PRESENCE]
  Distance:   12.5 cm  [PRESENCE]
  Distance:   13.9 cm  [PRESENCE]
  Distance:   13.6 cm  [PRESENCE]
  Distance:   13.3 cm  [PRESENCE]
  Distance:   13.3 cm  [PRESENCE]
  Distance:   13.3 cm  [PRESENCE]
  Distance:   13.3 cm  [PRESENCE]
  Distance:   13.3 cm  [PRESENCE]
  Distance:   13.3 cm  [PRESENCE]
  Distance:   12.5 cm  [PRESENCE]
  Distance:   12.5 cm  [PRESENCE]
  Distance:   12.5 cm  [PRESENCE]
  Distance:   12.5 cm  [PRESENCE]
  Distance:   12.5 cm  [PRESENCE]
  Distance:   12.5 cm  [PRESENCE]
  Distance:   12.5 cm  [PRESENCE]
  Distance:   13.3 cm  [PRESENCE]
  Distance:   13.3 cm  [PRESENCE]
  Distance:   13.3 cm  [PRESENCE]
  Distance:   13.3 cm  [PRESENCE]
  Distance:   13.3 cm  [PRESENCE]
  Distance:   13.3 cm  [PRESENCE]
  Distance:   13.3 cm  [PRESENCE]
  Distance:   13.3 cm  [PRESENCE]
  Distance:   13.3 cm  [PRESENCE]
  Distance:   13.3 cm  [PRESENCE]
  Distance:   13.3 cm  [PRESENCE]
  Distance:   13.3 cm  [PRESENCE]
  Distance:   13.3 cm  [PRESENCE]
  Distance:   13.3 cm  [PRESENCE]
  Distance:   13.3 cm  [PRESENCE]
  Distance:   13.3 cm  [PRESENCE]
  Distance:   13.3 cm  [PRESENCE]
  Distance:   12.5 cm  [PRESENCE]
  Distance:   12.5 cm  [PRESENCE]
  Distance:   12.5 cm  [PRESENCE]
  Distance:   12.5 cm  [PRESENCE]
  Distance:   12.5 cm  [PRESENCE]
  Distance:   12.5 cm  [PRESENCE]
  Distance:   12.5 cm  [PRESENCE]
  Distance:   12.5 cm  [PRESENCE]
  Distance:   12.5 cm  [PRESENCE]
  Distance:   13.3 cm  [PRESENCE]
  Distance:   13.3 cm  [PRESENCE]
  Distance:   15.2 cm  [PRESENCE]
  Distance:   11.6 cm  [PRESENCE]
  Distance:    8.6 cm  [PRESENCE]
  Distance:    3.6 cm  [PRESENCE]
  Distance:    2.7 cm  [PRESENCE]
  Distance:    5.1 cm  [PRESENCE]
  Distance:    4.2 cm  [PRESENCE]
  Distance:    4.2 cm  [PRESENCE]
  Distance:    4.2 cm  [PRESENCE]
  Distance:    4.2 cm  [PRESENCE]
  Distance:    4.2 cm  [PRESENCE]
  Distance:    4.2 cm  [PRESENCE]
  Distance:    3.3 cm  [PRESENCE]
  Distance:    3.3 cm  [PRESENCE]
  Distance:    3.3 cm  [PRESENCE]
  Distance:    3.3 cm  [PRESENCE]
  Distance:    3.3 cm  [PRESENCE]
  Distance:    3.3 cm  [PRESENCE]
  Distance:    3.3 cm  [PRESENCE]
  Distance:    3.3 cm  [PRESENCE]
  Distance:    4.2 cm  [PRESENCE]
  Distance:    4.2 cm  [PRESENCE]
  Distance:    4.2 cm  [PRESENCE]
  Distance:    4.2 cm  [PRESENCE]
  Distance:    4.2 cm  [PRESENCE]
  Distance:    4.2 cm  [PRESENCE]
  Distance:    4.2 cm  [PRESENCE]
  Distance:    4.2 cm  [PRESENCE]
  Distance:    4.2 cm  [PRESENCE]
  Distance:    4.2 cm  [PRESENCE]
  Distance:    3.3 cm  [PRESENCE]
  Distance:    3.3 cm  [PRESENCE]
  Distance:    4.2 cm  [PRESENCE]
  Distance:    4.2 cm  [PRESENCE]
  Distance:    4.2 cm  [PRESENCE]
  Distance:    4.2 cm  [PRESENCE]
  Distance:    4.2 cm  [PRESENCE]
  Distance:    4.2 cm  [PRESENCE]
  Distance:    4.2 cm  [PRESENCE]
  Distance:    4.2 cm  [PRESENCE]
  Distance:    4.2 cm  [PRESENCE]
  Distance:    4.2 cm  [PRESENCE]
  Distance:    4.2 cm  [PRESENCE]
  Distance:    4.2 cm  [PRESENCE]
  Distance:    3.0 cm  [PRESENCE]
  Distance:    3.9 cm  [PRESENCE]
  Distance:    3.9 cm  [PRESENCE]
  Distance:    3.9 cm  [PRESENCE]
  Distance:    3.9 cm  [PRESENCE]
  Distance:    3.9 cm  [PRESENCE]
  Distance:    4.8 cm  [PRESENCE]
  Distance:    4.8 cm  [PRESENCE]
  Distance:    5.7 cm  [PRESENCE]
  Distance:   14.3 cm  [PRESENCE]
  Distance:   14.3 cm  [PRESENCE]
  Distance:   13.3 cm  [PRESENCE]
  Distance:   12.5 cm  [PRESENCE]
  Distance:   12.5 cm  [PRESENCE]
  Distance:   12.5 cm  [PRESENCE]
  Distance:   12.5 cm  [PRESENCE]
  Distance:   13.3 cm  [PRESENCE]
  Distance:   13.3 cm  [PRESENCE]
  Distance:   13.3 cm  [PRESENCE]
  Distance:   13.3 cm  [PRESENCE]
  Distance:   13.3 cm  [PRESENCE]
  Distance:   13.3 cm  [PRESENCE]
  Distance:   13.3 cm  [PRESENCE]
  Distance:   13.3 cm  [PRESENCE]
  Distance:   14.3 cm  [PRESENCE]
  Distance:   14.3 cm  [PRESENCE]
  Distance:   13.3 cm  [PRESENCE]
  Distance:   13.3 cm  [PRESENCE]
  Distance:   13.3 cm  [PRESENCE]
  Distance:   13.3 cm  [PRESENCE]
  Distance:   13.3 cm  [PRESENCE]
  Distance:   13.3 cm  [PRESENCE]
  Distance:   13.3 cm  [PRESENCE]
  Distance:   13.3 cm  [PRESENCE]
  Distance:   13.3 cm  [PRESENCE]
  Distance:   13.3 cm  [PRESENCE]
  Distance:   13.3 cm  [PRESENCE]
  Distance:   13.3 cm  [PRESENCE]
  Distance:   13.3 cm  [PRESENCE]
  Distance:   13.3 cm  [PRESENCE]
  Distance:   13.3 cm  [PRESENCE]
  Distance:   13.3 cm  [PRESENCE]
  Distance:   13.3 cm  [PRESENCE]
  Distance:   13.3 cm  [PRESENCE]
  Distance:   13.3 cm  [PRESENCE]
  Distance:   13.3 cm  [PRESENCE]
  Distance:   13.3 cm  [PRESENCE]
  Distance:   13.3 cm  [PRESENCE]
  Distance:   13.3 cm  [PRESENCE]
  Distance:   13.3 cm  [PRESENCE]
  Distance:   13.3 cm  [PRESENCE]
  Distance:   13.3 cm  [PRESENCE]
  Distance:   13.3 cm  [PRESENCE]
  Distance:   13.3 cm  [PRESENCE]
  Distance:   13.3 cm  [PRESENCE]
  Distance:   13.3 cm  [PRESENCE]
  Distance:   13.3 cm  [PRESENCE]
  Distance:   13.3 cm  [PRESENCE]
  Distance:   13.3 cm  [PRESENCE]
  Distance:   13.3 cm  [PRESENCE]
  Distance:   13.3 cm  [PRESENCE]
  Distance:   13.3 cm  [PRESENCE]
  Distance:   13.3 cm  [PRESENCE]
  Distance:   13.3 cm  [PRESENCE]
  Distance:   13.3 cm  [PRESENCE]
  Distance:   13.3 cm  [PRESENCE]
  Distance:   13.3 cm  [PRESENCE]
  Distance:   13.3 cm  [PRESENCE]
  Distance:   13.3 cm  [PRESENCE]
  Distance:   13.3 cm  [PRESENCE]
  Distance:   13.3 cm  [PRESENCE]
  Distance:   13.3 cm  [PRESENCE]
  Distance:   13.3 cm  [PRESENCE]
  Distance:   13.3 cm  [PRESENCE]
  Distance:   13.3 cm  [PRESENCE]
  Distance:   13.3 cm  [PRESENCE]
  Distance:   13.3 cm  [PRESENCE]
  Distance:   13.3 cm  [PRESENCE]
  Distance:   13.3 cm  [PRESENCE]
  Distance:   13.3 cm  [PRESENCE]
  Distance:   13.3 cm  [PRESENCE]
  Distance:   13.3 cm  [PRESENCE]
  Distance:   13.3 cm  [PRESENCE]
  Distance:   13.3 cm  [PRESENCE]
  Distance:   13.3 cm  [PRESENCE]
  Distance:   13.3 cm  [PRESENCE]
  Distance:   13.3 cm  [PRESENCE]
  Distance:   13.3 cm  [PRESENCE]
  Distance:   13.3 cm  [PRESENCE]
  Distance:   13.3 cm  [PRESENCE]
  Distance:   13.3 cm  [PRESENCE]
  Distance:   13.3 cm  [PRESENCE]
  Distance:   13.3 cm  [PRESENCE]
  Distance:   13.3 cm  [PRESENCE]
  Distance:   13.3 cm  [PRESENCE]
  Distance:   13.3 cm  [PRESENCE]
  Distance:   13.3 cm  [PRESENCE]
  Distance:   13.3 cm  [PRESENCE]
  Distance:   13.3 cm  [PRESENCE]
  Distance:   13.3 cm  [PRESENCE]
  Distance:   13.3 cm  [PRESENCE]
  Distance:   13.3 cm  [PRESENCE]
  Distance:   13.3 cm  [PRESENCE]
  Distance:   13.3 cm  [PRESENCE]
  Distance:   13.3 cm  [PRESENCE]
  Distance:   13.3 cm  [PRESENCE]
  Distance:   13.3 cm  [PRESENCE]
  Distance:   13.3 cm  [PRESENCE]
  Distance:   13.3 cm  [PRESENCE]
  Distance:   13.3 cm  [PRESENCE]
  Distance:   13.3 cm  [PRESENCE]
  Distance:   13.3 cm  [PRESENCE]
  Distance:   13.3 cm  [PRESENCE]
  Distance:   13.3 cm  [PRESENCE]
  Distance:   13.3 cm  [PRESENCE]
  Distance:   13.3 cm  [PRESENCE]
  Distance:   13.3 cm  [PRESENCE]
  Distance:   13.3 cm  [PRESENCE]
  Distance:   13.3 cm  [PRESENCE]
  Distance:   13.3 cm  [PRESENCE]
  Distance:   13.3 cm  [PRESENCE]
  Distance:   13.3 cm  [PRESENCE]
  Distance:   13.3 cm  [PRESENCE]
  Distance:   13.3 cm  [PRESENCE]
  Distance:   13.3 cm  [PRESENCE]
  Distance:   13.3 cm  [PRESENCE]
  Distance:   13.3 cm  [PRESENCE]
  Distance:   13.3 cm  [PRESENCE]
  Distance:   13.3 cm  [PRESENCE]
  Distance:   13.3 cm  [PRESENCE]
  Distance:   13.3 cm  [PRESENCE]
  Distance:   13.3 cm  [PRESENCE]
  Distance:   13.3 cm  [PRESENCE]
  Distance:   13.3 cm  [PRESENCE]
  Distance:   13.3 cm  [PRESENCE]
  Distance:   13.3 cm  [PRESENCE]
  Distance:   13.3 cm  [PRESENCE]
  Distance:   13.3 cm  [PRESENCE]
  Distance:   13.3 cm  [PRESENCE]
  Distance:   13.3 cm  [PRESENCE]
  Distance:   13.3 cm  [PRESENCE]
  Distance:   13.3 cm  [PRESENCE]
  Distance:   13.3 cm  [PRESENCE]
  Distance:   13.3 cm  [PRESENCE]
  Distance:   13.3 cm  [PRESENCE]
  Distance:   13.3 cm  [PRESENCE]
  Distance:   13.3 cm  [PRESENCE]
  Distance:   13.3 cm  [PRESENCE]
  Distance:   13.3 cm  [PRESENCE]
  Distance:   13.3 cm  [PRESENCE]
  Distance:   13.3 cm  [PRESENCE]
  Distance:   13.3 cm  [PRESENCE]
  Distance:   13.3 cm  [PRESENCE]
  Distance:   13.3 cm  [PRESENCE]
  Distance:   13.3 cm  [PRESENCE]
  Distance:   13.3 cm  [PRESENCE]
  Distance:   13.3 cm  [PRESENCE]
  Distance:   13.3 cm  [PRESENCE]
  Distance:   13.3 cm  [PRESENCE]
  Distance:   13.3 cm  [PRESENCE]
  Distance:   13.3 cm  [PRESENCE]
  Distance:   13.3 cm  [PRESENCE]
  Distance:   13.3 cm  [PRESENCE]
  Distance:   13.3 cm  [PRESENCE]
  Distance:   13.3 cm  [PRESENCE]
  Distance:   13.3 cm  [PRESENCE]
  Distance:   13.3 cm  [PRESENCE]
  Distance:   13.3 cm  [PRESENCE]
  Distance:   13.3 cm  [PRESENCE]
  Distance:   13.3 cm  [PRESENCE]
  Distance:   13.3 cm  [PRESENCE]
  Distance:   13.3 cm  [PRESENCE]
  Distance:   13.3 cm  [PRESENCE]
  Distance:   13.3 cm  [PRESENCE]
  Distance:   13.3 cm  [PRESENCE]
  Distance:   13.3 cm  [PRESENCE]
  Distance:   13.3 cm  [PRESENCE]
  Distance:   13.3 cm  [PRESENCE]
  Distance:   13.3 cm  [PRESENCE]
  Distance:   13.3 cm  [PRESENCE]
  Distance:   13.3 cm  [PRESENCE]
  Distance:   13.3 cm  [PRESENCE]
  Distance:   13.3 cm  [PRESENCE]
  Distance:   13.3 cm  [PRESENCE]
  Distance:   13.3 cm  [PRESENCE]
  Distance:   13.3 cm  [PRESENCE]
  Distance:   13.3 cm  [PRESENCE]
  Distance:   13.3 cm  [PRESENCE]
  Distance:   13.3 cm  [PRESENCE]
  Distance:   13.3 cm  [PRESENCE]
  Distance:   13.3 cm  [PRESENCE]
  Distance:   13.3 cm  [PRESENCE]
  Distance:   13.3 cm  [PRESENCE]
  Distance:   13.9 cm  [PRESENCE]
  Distance:   13.3 cm  [PRESENCE]
  Distance:   13.3 cm  [PRESENCE]
  Distance:   13.3 cm  [PRESENCE]
  Distance:   13.9 cm  [PRESENCE]
  Distance:   13.9 cm  [PRESENCE]
  Distance:   13.9 cm  [PRESENCE]
  Distance:   13.9 cm  [PRESENCE]
  Distance:   13.9 cm  [PRESENCE]
  Distance:   13.9 cm  [PRESENCE]
  Distance:   13.9 cm  [PRESENCE]
  Distance:   13.9 cm  [PRESENCE]
  Distance:   13.9 cm  [PRESENCE]
  Distance:   12.2 cm  [PRESENCE]
  Distance:   13.3 cm  [PRESENCE]
  Distance:   14.3 cm  [PRESENCE]
  Distance:   14.3 cm  [PRESENCE]
  Distance:   13.3 cm  [PRESENCE]
  Distance:   13.9 cm  [PRESENCE]
  Distance:   13.3 cm  [PRESENCE]
  Distance:   13.3 cm  [PRESENCE]
  Distance:   13.3 cm  [PRESENCE]
  Distance:   13.3 cm  [PRESENCE]
  Distance:   15.2 cm  [PRESENCE]
  Distance:   11.0 cm  [PRESENCE]
  Distance:    9.2 cm  [PRESENCE]
  Distance:   11.6 cm  [PRESENCE]
  Distance:    6.0 cm  [PRESENCE]
  Distance:    5.1 cm  [PRESENCE]
  Distance:    3.6 cm  [PRESENCE]
  Distance:    4.5 cm  [PRESENCE]
  Distance:   17.8 cm  [PRESENCE]
  Distance:    5.1 cm  [PRESENCE]
  Distance:    5.1 cm  [PRESENCE]
  Distance:    5.1 cm  [PRESENCE]
  Distance:    4.2 cm  [PRESENCE]
  Distance:    4.2 cm  [PRESENCE]
  Distance:    4.2 cm  [PRESENCE]
  Distance:    4.2 cm  [PRESENCE]
  Distance:    4.2 cm  [PRESENCE]
  Distance:    4.2 cm  [PRESENCE]
  Distance:    4.2 cm  [PRESENCE]
  Distance:    4.2 cm  [PRESENCE]
  Distance:    4.2 cm  [PRESENCE]
  Distance:    4.2 cm  [PRESENCE]
  Distance:    6.2 cm  [PRESENCE]
  Distance:    6.2 cm  [PRESENCE]
  Distance:    6.2 cm  [PRESENCE]
  Distance:    6.2 cm  [PRESENCE]
  Distance:    6.3 cm  [PRESENCE]
  Distance:    8.3 cm  [PRESENCE]
  Distance:    6.2 cm  [PRESENCE]
  Distance:    6.3 cm  [PRESENCE]
  Distance:    6.2 cm  [PRESENCE]
  Distance:    6.3 cm  [PRESENCE]
  Distance:    6.2 cm  [PRESENCE]
  Distance:    6.3 cm  [PRESENCE]
  Distance:    6.2 cm  [PRESENCE]
  Distance:    6.3 cm  [PRESENCE]
  Distance:   17.5 cm  [PRESENCE]
  Distance:   16.2 cm  [PRESENCE]
  Distance:   17.8 cm  [PRESENCE]
  Distance:   17.5 cm  [PRESENCE]
  Distance:   17.5 cm  [PRESENCE]
  Distance:   16.2 cm  [PRESENCE]
  Distance:   16.5 cm  [PRESENCE]
  Distance:   16.5 cm  [PRESENCE]
  Distance:   17.5 cm  [PRESENCE]
  Distance:   16.5 cm  [PRESENCE]
  Distance:   17.5 cm  [PRESENCE]
  Distance:   17.5 cm  [PRESENCE]
  Distance:   16.2 cm  [PRESENCE]
  Distance:   16.2 cm  [PRESENCE]
  Distance:   16.2 cm  [PRESENCE]
  Distance:   16.2 cm  [PRESENCE]
  Distance:   16.2 cm  [PRESENCE]
  Distance:   16.5 cm  [PRESENCE]
  Distance:   16.2 cm  [PRESENCE]
  Distance:   14.9 cm  [PRESENCE]
  Distance:   14.9 cm  [PRESENCE]
  Distance:   14.9 cm  [PRESENCE]
  Distance:    6.2 cm  [PRESENCE]
  Distance:    2.4 cm  [PRESENCE]
  Distance:    4.5 cm  [PRESENCE]
  Distance:    3.3 cm  [PRESENCE]
  Distance:    6.3 cm  [PRESENCE]
  Distance:    4.8 cm  [PRESENCE]
  Distance:    7.7 cm  [PRESENCE]
  Distance:    7.7 cm  [PRESENCE]
  Distance:    7.7 cm  [PRESENCE]
  Distance:    7.7 cm  [PRESENCE]
  Distance:    7.7 cm  [PRESENCE]
  Distance:    6.8 cm  [PRESENCE]
  Distance:    6.8 cm  [PRESENCE]
  Distance:    6.0 cm  [PRESENCE]
  Distance:    6.8 cm  [PRESENCE]
  Distance:    6.8 cm  [PRESENCE]
  Distance:    6.8 cm  [PRESENCE]
  Distance:    6.8 cm  [PRESENCE]
  Distance:    7.7 cm  [PRESENCE]
  Distance:    7.7 cm  [PRESENCE]
  Distance:    7.7 cm  [PRESENCE]
  Distance:    7.7 cm  [PRESENCE]
  Distance:    7.7 cm  [PRESENCE]
  Distance:    7.7 cm  [PRESENCE]
  Distance:    7.7 cm  [PRESENCE]
  Distance:    7.7 cm  [PRESENCE]
  Distance:    7.7 cm  [PRESENCE]
  Distance:    7.7 cm  [PRESENCE]
  Distance:    7.7 cm  [PRESENCE]
  Distance:    7.7 cm  [PRESENCE]
  Distance:    7.7 cm  [PRESENCE]
  Distance:    8.3 cm  [PRESENCE]
  Distance:   11.0 cm  [PRESENCE]
  Distance:   15.2 cm  [PRESENCE]
  Distance:   14.3 cm  [PRESENCE]
  Distance:   14.3 cm  [PRESENCE]
  Distance:   11.3 cm  [PRESENCE]
  Distance:   11.3 cm  [PRESENCE]
  Distance:   11.3 cm  [PRESENCE]
  Distance:   12.1 cm  [PRESENCE]
  Distance:   12.2 cm  [PRESENCE]
  Distance:   12.1 cm  [PRESENCE]
  Distance:   12.1 cm  [PRESENCE]
  Distance:   12.2 cm  [PRESENCE]
  Distance:   12.2 cm  [PRESENCE]
  Distance:   12.1 cm  [PRESENCE]
  Distance:   13.1 cm  [PRESENCE]
  Distance:   13.0 cm  [PRESENCE]
  Distance:   13.0 cm  [PRESENCE]
  Distance:   13.0 cm  [PRESENCE]
  Distance:   13.1 cm  [PRESENCE]
  Distance:   13.0 cm  [PRESENCE]
  Distance:   13.0 cm  [PRESENCE]
  Distance:   13.1 cm  [PRESENCE]
  Distance:   13.0 cm  [PRESENCE]
  Distance:   13.1 cm  [PRESENCE]
  Distance:   13.0 cm  [PRESENCE]
  Distance:   13.1 cm  [PRESENCE]
  Distance:   13.0 cm  [PRESENCE]
  Distance:   13.0 cm  [PRESENCE]
  Distance:   13.1 cm  [PRESENCE]
  Distance:   13.1 cm  [PRESENCE]
  Distance:   13.1 cm  [PRESENCE]
  Distance:   13.0 cm  [PRESENCE]
  Distance:   13.0 cm  [PRESENCE]
  Distance:   13.0 cm  [PRESENCE]
  Distance:   13.0 cm  [PRESENCE]
  Distance:   13.1 cm  [PRESENCE]
  Distance:   13.0 cm  [PRESENCE]
  Distance:   13.1 cm  [PRESENCE]
  Distance:   13.1 cm  [PRESENCE]
  Distance:   13.1 cm  [PRESENCE]
  Distance:   13.0 cm  [PRESENCE]
  Distance:   13.0 cm  [PRESENCE]
  Distance:   12.2 cm  [PRESENCE]
  Distance:   13.0 cm  [PRESENCE]
  Distance:   12.1 cm  [PRESENCE]
  Distance:   12.1 cm  [PRESENCE]
  Distance:   12.2 cm  [PRESENCE]
  Distance:   12.1 cm  [PRESENCE]
  Distance:   12.2 cm  [PRESENCE]
  Distance:   12.2 cm  [PRESENCE]
  Distance:   13.0 cm  [PRESENCE]
  Distance:   13.1 cm  [PRESENCE]
  Distance:   13.0 cm  [PRESENCE]
  Distance:   13.1 cm  [PRESENCE]
  Distance:   13.0 cm  [PRESENCE]
  Distance:   13.1 cm  [PRESENCE]
  Distance:   13.0 cm  [PRESENCE]
  Distance:   13.1 cm  [PRESENCE]
  Distance:   13.1 cm  [PRESENCE]
  Distance:   13.1 cm  [PRESENCE]
  Distance:   13.1 cm  [PRESENCE]
  Distance:   13.1 cm  [PRESENCE]
  Distance:   13.1 cm  [PRESENCE]
  Distance:   13.0 cm  [PRESENCE]
  Distance:   13.0 cm  [PRESENCE]
  Distance:   13.1 cm  [PRESENCE]
  Distance:   13.1 cm  [PRESENCE]
  Distance:   13.1 cm  [PRESENCE]
  Distance:   13.0 cm  [PRESENCE]
  Distance:   13.1 cm  [PRESENCE]
  Distance:   13.1 cm  [PRESENCE]
  Distance:   13.0 cm  [PRESENCE]
  Distance:   13.0 cm  [PRESENCE]
  Distance:   13.1 cm  [PRESENCE]
  Distance:   13.0 cm  [PRESENCE]
  Distance:   13.1 cm  [PRESENCE]
  Distance:   13.0 cm  [PRESENCE]
  Distance:   13.1 cm  [PRESENCE]
  Distance:   13.1 cm  [PRESENCE]
  Distance:   13.1 cm  [PRESENCE]
  Distance:   13.0 cm  [PRESENCE]
  Distance:   13.1 cm  [PRESENCE]
  Distance:   13.1 cm  [PRESENCE]
  Distance:   13.9 cm  [PRESENCE]
  Distance:   14.6 cm  [PRESENCE]
  Distance:   15.9 cm  [PRESENCE]
  Distance:   12.2 cm  [PRESENCE]
  Distance:   15.2 cm  [PRESENCE]
  Distance:   13.3 cm  [PRESENCE]
  Distance:   12.5 cm  [PRESENCE]
  Distance:   12.5 cm  [PRESENCE]
  Distance:   12.5 cm  [PRESENCE]
  Distance:   12.5 cm  [PRESENCE]
  Distance:   12.5 cm  [PRESENCE]
  Distance:   12.5 cm  [PRESENCE]
  Distance:   12.5 cm  [PRESENCE]
  Distance:   12.5 cm  [PRESENCE]
  Distance:   12.5 cm  [PRESENCE]
  Distance:   12.5 cm  [PRESENCE]
  Distance:   12.5 cm  [PRESENCE]
  Distance:   12.5 cm  [PRESENCE]
  Distance:   12.5 cm  [PRESENCE]
  Distance:   12.5 cm  [PRESENCE]
  Distance:   12.5 cm  [PRESENCE]
  Distance:   12.5 cm  [PRESENCE]
  Distance:   13.3 cm  [PRESENCE]
  Distance:   12.5 cm  [PRESENCE]
  Distance:   12.5 cm  [PRESENCE]
  Distance:   12.5 cm  [PRESENCE]
  Distance:   13.3 cm  [PRESENCE]
  Distance:   13.3 cm  [PRESENCE]
  Distance:   13.3 cm  [PRESENCE]
  Distance:   12.5 cm  [PRESENCE]
  Distance:   13.3 cm  [PRESENCE]
  Distance:   13.3 cm  [PRESENCE]
  Distance:   12.5 cm  [PRESENCE]
  Distance:   14.9 cm  [PRESENCE]
  Distance:   16.5 cm  [PRESENCE]
  Distance:   18.1 cm  [PRESENCE]
  Distance:   13.0 cm  [PRESENCE]
  Distance:   14.9 cm  [PRESENCE]
  Distance:   11.3 cm  [PRESENCE]
  Distance:   14.6 cm  [PRESENCE]
  Distance:   14.6 cm  [PRESENCE]
  Distance:   14.6 cm  [PRESENCE]
  Distance:   14.6 cm  [PRESENCE]
  Distance:   14.6 cm  [PRESENCE]
  Distance:   14.6 cm  [PRESENCE]
  Distance:   14.6 cm  [PRESENCE]
  Distance:   14.6 cm  [PRESENCE]
  Distance:   14.6 cm  [PRESENCE]
  Distance:   14.6 cm  [PRESENCE]
  Distance:   14.6 cm  [PRESENCE]
  Distance:   14.6 cm  [PRESENCE]
  Distance:   14.6 cm  [PRESENCE]
  Distance:   13.6 cm  [PRESENCE]
  Distance:   13.6 cm  [PRESENCE]
  Distance:   12.7 cm  [PRESENCE]
  Distance:   13.6 cm  [PRESENCE]
  Distance:   12.7 cm  [PRESENCE]
  Distance:   11.9 cm  [PRESENCE]
  Distance:   13.6 cm  [PRESENCE]
  Distance:   12.7 cm  [PRESENCE]
  Distance:   13.9 cm  [PRESENCE]
  Distance:   13.3 cm  [PRESENCE]
  Distance:   13.3 cm  [PRESENCE]
  Distance:   12.5 cm  [PRESENCE]
  Distance:   12.5 cm  [PRESENCE]
  Distance:   13.3 cm  [PRESENCE]
  Distance:   14.3 cm  [PRESENCE]
  Distance:   11.3 cm  [PRESENCE]
  Distance:   11.3 cm  [PRESENCE]
  Distance:   13.3 cm  [PRESENCE]
  Distance:   13.3 cm  [PRESENCE]
  Distance:   13.3 cm  [PRESENCE]
  Distance:   12.5 cm  [PRESENCE]
  Distance:    5.1 cm  [PRESENCE]
  Distance:    4.8 cm  [PRESENCE]
  Distance:    5.1 cm  [PRESENCE]
  Distance:    3.3 cm  [PRESENCE]
  Distance:    3.3 cm  [PRESENCE]
  Distance:    3.3 cm  [PRESENCE]
  Distance:    3.3 cm  [PRESENCE]
  Distance:    3.3 cm  [PRESENCE]
  Distance:    6.6 cm  [PRESENCE]
  Distance:   11.3 cm  [PRESENCE]
  Distance:   10.4 cm  [PRESENCE]
  Distance:   12.5 cm  [PRESENCE]
  Distance:   13.3 cm  [PRESENCE]
  Distance:   13.3 cm  [PRESENCE]
  Distance:   11.3 cm  [PRESENCE]
  Distance:   14.3 cm  [PRESENCE]
  Distance:   15.2 cm  [PRESENCE]
  Distance:   11.3 cm  [PRESENCE]
  Distance:    9.5 cm  [PRESENCE]
  Distance:   13.6 cm  [PRESENCE]
  Distance:   12.5 cm  [PRESENCE]
  Distance:   14.6 cm  [PRESENCE]
  Distance:   14.6 cm  [PRESENCE]
  Distance:   13.6 cm  [PRESENCE]
  Distance:   13.6 cm  [PRESENCE]
  Distance:   13.6 cm  [PRESENCE]
  Distance:   13.6 cm  [PRESENCE]
  Distance:   13.6 cm  [PRESENCE]
  Distance:   13.6 cm  [PRESENCE]
  Distance:   12.7 cm  [PRESENCE]
  Distance:   12.7 cm  [PRESENCE]
  Distance:   12.7 cm  [PRESENCE]
  Distance:   12.7 cm  [PRESENCE]
  Distance:   12.7 cm  [PRESENCE]
  Distance:   12.7 cm  [PRESENCE]
  Distance:   12.7 cm  [PRESENCE]
  Distance:   12.7 cm  [PRESENCE]
  Distance:   12.7 cm  [PRESENCE]
  Distance:   12.7 cm  [PRESENCE]
  Distance:   12.7 cm  [PRESENCE]
  Distance:   12.7 cm  [PRESENCE]
  Distance:   12.7 cm  [PRESENCE]
  Distance:   12.7 cm  [PRESENCE]
  Distance:   12.7 cm  [PRESENCE]
  Distance:   12.7 cm  [PRESENCE]
  Distance:   12.7 cm  [PRESENCE]
  Distance:   12.7 cm  [PRESENCE]
  Distance:   12.7 cm  [PRESENCE]
  Distance:   12.7 cm  [PRESENCE]
  Distance:   12.7 cm  [PRESENCE]
  Distance:   12.7 cm  [PRESENCE]
  Distance:   12.7 cm  [PRESENCE]
  Distance:   12.7 cm  [PRESENCE]
  Distance:   12.7 cm  [PRESENCE]
  Distance:   12.7 cm  [PRESENCE]
  Distance:   12.7 cm  [PRESENCE]
  Distance:   12.7 cm  [PRESENCE]
  Distance:   12.7 cm  [PRESENCE]
  Distance:   12.7 cm  [PRESENCE]
  Distance:   12.7 cm  [PRESENCE]
  Distance:   12.7 cm  [PRESENCE]
  Distance:   12.7 cm  [PRESENCE]
  Distance:   12.7 cm  [PRESENCE]
  Distance:   12.7 cm  [PRESENCE]
  Distance:   12.7 cm  [PRESENCE]
  Distance:   12.7 cm  [PRESENCE]
  Distance:   12.7 cm  [PRESENCE]
  Distance:   12.7 cm  [PRESENCE]
  Distance:   12.7 cm  [PRESENCE]
  Distance:   12.7 cm  [PRESENCE]
  Distance:   12.7 cm  [PRESENCE]
  Distance:   12.7 cm  [PRESENCE]
  Distance:   12.7 cm  [PRESENCE]
  Distance:   12.7 cm  [PRESENCE]
  Distance:   12.7 cm  [PRESENCE]
  Distance:   12.7 cm  [PRESENCE]
  Distance:   12.7 cm  [PRESENCE]
  Distance:   12.7 cm  [PRESENCE]
  Distance:   12.7 cm  [PRESENCE]
  Distance:   12.7 cm  [PRESENCE]
  Distance:   12.7 cm  [PRESENCE]
  Distance:   12.7 cm  [PRESENCE]
  Distance:   12.7 cm  [PRESENCE]
  Distance:   12.7 cm  [PRESENCE]
