ESP-ROM:esp32c6-20220919
Build:Sep 19 2022
rst:0x1 (POWERON),boot:0xc (SPI_FAST_FLASH_BOOT)
SPIWP:0xee
mode:DIO, clock div:2
load:0x40875730,len:0x1278
load:0x4086b910,len:0xdd0
load:0x4086e610,len:0x3154
entry 0x4086b910

═══════════════════╗
  MediTwin AI — Sensor Test & Calibrate ║
═════════════╝
alised
[SENSOR] HC-SR04 ready



  1=LDR  2=MQ135  3=HC-SR04  4=DHT22
2C scan  9=ALL  0=Stability
n OFF  B=Buzzer  R=Breathing
tor automat)  ?=Help


┐
│  Fan Test (relay/MOSFET)                 │
─────────────────┘
  → watch ACS712 current rise if wired in series.
Fan  → ON
 Current while ON: -11.053 A
[ACTUATOR] Fan  → OFF


  1=LDR  2=MQ135  3=HC-SR04  4=DHT22
I2C scan  9=ALL  0=Stability
an OFF  B=Buzzer  R=Breathing
itor automat)  ?=Help

nknown command ''. Send '?' for help.

R04  4=DHT22
ty
ing
  M=Motion alarm  A=FSM Alarm (monitor automat)  ?=Help

